SF:lib/models/pet_model.dart
DA:10,1
DA:21,0
DA:22,0
DA:23,0
LF:4
LH:1
end_of_record
SF:lib/widgets/pet_card.dart
DA:10,1
DA:16,1
DA:18,1
DA:20,1
DA:21,3
DA:22,1
DA:23,1
DA:24,1
DA:25,1
DA:27,1
DA:28,2
DA:29,1
DA:30,1
DA:31,1
DA:32,2
DA:40,1
DA:41,1
DA:43,1
DA:44,1
DA:45,2
DA:51,1
DA:52,1
DA:53,3
DA:54,1
DA:56,1
DA:59,1
DA:60,1
DA:61,3
DA:62,1
DA:64,1
DA:67,1
DA:68,0
DA:69,0
DA:70,0
DA:71,0
DA:72,0
DA:73,0
DA:75,0
DA:83,3
DA:84,1
DA:85,1
DA:86,1
DA:87,1
DA:88,1
DA:90,1
DA:92,1
DA:94,1
LF:47
LH:40
end_of_record
